[0.090s] DEBUG:colcon:Command line arguments: ['/usr/bin/colcon', 'build']
[0.090s] DEBUG:colcon:Parsed command line arguments: Namespace(log_base=None, log_level=None, verb_name='build', build_base='build', install_base='install', merge_install=False, symlink_install=False, test_result_base=None, continue_on_error=False, executor='parallel', parallel_workers=16, event_handlers=None, ignore_user_meta=False, metas=['./colcon.meta'], base_paths=['.'], packages_ignore=None, packages_ignore_regex=None, paths=None, packages_up_to=None, packages_up_to_regex=None, packages_above=None, packages_above_and_dependencies=None, packages_above_depth=None, packages_select_by_dep=None, packages_skip_by_dep=None, packages_skip_up_to=None, packages_select_build_failed=False, packages_skip_build_finished=False, packages_select_test_failures=False, packages_skip_test_passed=False, packages_select=None, packages_skip=None, packages_select_regex=None, packages_skip_regex=None, packages_start=None, packages_end=None, allow_overriding=[], cmake_args=None, cmake_target=None, cmake_target_skip_unavailable=False, cmake_clean_cache=False, cmake_clean_first=False, cmake_force_configure=False, ament_cmake_args=None, catkin_cmake_args=None, catkin_skip_building_tests=False, mixin_files=None, mixin=None, verb_parser=<colcon_mixin.mixin.mixin_argument.MixinArgumentDecorator object at 0x7116cfdf3440>, verb_extension=<colcon_core.verb.build.BuildVerb object at 0x7116cff6bcb0>, main=<bound method BuildVerb.main of <colcon_core.verb.build.BuildVerb object at 0x7116cff6bcb0>>, mixin_verb=('build',))
[0.127s] Level 1:colcon.colcon_core.package_discovery:discover_packages(colcon_meta) check parameters
[0.127s] Level 1:colcon.colcon_core.package_discovery:discover_packages(recursive) check parameters
[0.127s] Level 1:colcon.colcon_core.package_discovery:discover_packages(ignore) check parameters
[0.127s] Level 1:colcon.colcon_core.package_discovery:discover_packages(path) check parameters
[0.127s] Level 1:colcon.colcon_core.package_discovery:discover_packages(colcon_meta) discover
[0.127s] Level 1:colcon.colcon_core.package_discovery:discover_packages(recursive) discover
[0.127s] INFO:colcon.colcon_core.package_discovery:Crawling recursively for packages in '/home/julian/Documents/FH/ros2_ws/src/PROLB'
[0.127s] Level 1:colcon.colcon_core.package_identification:_identify(.) by extensions ['ignore', 'ignore_ament_install']
[0.127s] Level 1:colcon.colcon_core.package_identification:_identify(.) by extension 'ignore'
[0.127s] Level 1:colcon.colcon_core.package_identification:_identify(.) by extension 'ignore_ament_install'
[0.127s] Level 1:colcon.colcon_core.package_identification:_identify(.) by extensions ['colcon_pkg']
[0.127s] Level 1:colcon.colcon_core.package_identification:_identify(.) by extension 'colcon_pkg'
[0.127s] Level 1:colcon.colcon_core.package_identification:_identify(.) by extensions ['colcon_meta']
[0.127s] Level 1:colcon.colcon_core.package_identification:_identify(.) by extension 'colcon_meta'
[0.127s] Level 1:colcon.colcon_core.package_identification:_identify(.) by extensions ['ros']
[0.127s] Level 1:colcon.colcon_core.package_identification:_identify(.) by extension 'ros'
[0.158s] DEBUG:colcon.colcon_core.package_identification:Package '.' with type 'ros.ament_cmake' and name 'PROLB_Haring'
[0.158s] Level 1:colcon.colcon_core.package_discovery:discover_packages(recursive) using defaults
[0.158s] Level 1:colcon.colcon_core.package_discovery:discover_packages(ignore) discover
[0.158s] Level 1:colcon.colcon_core.package_discovery:discover_packages(ignore) using defaults
[0.158s] Level 1:colcon.colcon_core.package_discovery:discover_packages(path) discover
[0.158s] Level 1:colcon.colcon_core.package_discovery:discover_packages(path) using defaults
[0.182s] Level 1:colcon.colcon_core.package_discovery:discover_packages(prefix_path) check parameters
[0.182s] Level 1:colcon.colcon_core.package_discovery:discover_packages(prefix_path) discover
[0.184s] Level 1:colcon.colcon_core.package_discovery:discover_packages(prefix_path) using defaults
[0.186s] Level 5:colcon.colcon_core.verb:set package 'PROLB_Haring' build argument 'cmake_args' from command line to 'None'
[0.186s] Level 5:colcon.colcon_core.verb:set package 'PROLB_Haring' build argument 'cmake_target' from command line to 'None'
[0.186s] Level 5:colcon.colcon_core.verb:set package 'PROLB_Haring' build argument 'cmake_target_skip_unavailable' from command line to 'False'
[0.186s] Level 5:colcon.colcon_core.verb:set package 'PROLB_Haring' build argument 'cmake_clean_cache' from command line to 'False'
[0.186s] Level 5:colcon.colcon_core.verb:set package 'PROLB_Haring' build argument 'cmake_clean_first' from command line to 'False'
[0.186s] Level 5:colcon.colcon_core.verb:set package 'PROLB_Haring' build argument 'cmake_force_configure' from command line to 'False'
[0.186s] Level 5:colcon.colcon_core.verb:set package 'PROLB_Haring' build argument 'ament_cmake_args' from command line to 'None'
[0.186s] Level 5:colcon.colcon_core.verb:set package 'PROLB_Haring' build argument 'catkin_cmake_args' from command line to 'None'
[0.186s] Level 5:colcon.colcon_core.verb:set package 'PROLB_Haring' build argument 'catkin_skip_building_tests' from command line to 'False'
[0.186s] DEBUG:colcon.colcon_core.verb:Building package 'PROLB_Haring' with the following arguments: {'ament_cmake_args': None, 'build_base': '/home/julian/Documents/FH/ros2_ws/src/PROLB/build/PROLB_Haring', 'catkin_cmake_args': None, 'catkin_skip_building_tests': False, 'cmake_args': None, 'cmake_clean_cache': False, 'cmake_clean_first': False, 'cmake_force_configure': False, 'cmake_target': None, 'cmake_target_skip_unavailable': False, 'install_base': '/home/julian/Documents/FH/ros2_ws/src/PROLB/install/PROLB_Haring', 'merge_install': False, 'path': '/home/julian/Documents/FH/ros2_ws/src/PROLB', 'symlink_install': False, 'test_result_base': None}
[0.187s] INFO:colcon.colcon_core.executor:Executing jobs using 'parallel' executor
[0.188s] DEBUG:colcon.colcon_parallel_executor.executor.parallel:run_until_complete
[0.189s] INFO:colcon.colcon_ros.task.ament_cmake.build:Building ROS package in '/home/julian/Documents/FH/ros2_ws/src/PROLB' with build type 'ament_cmake'
[0.189s] INFO:colcon.colcon_cmake.task.cmake.build:Building CMake package in '/home/julian/Documents/FH/ros2_ws/src/PROLB'
[0.192s] INFO:colcon.colcon_core.plugin_system:Skipping extension 'colcon_core.shell.bat': Not used on non-Windows systems
[0.192s] INFO:colcon.colcon_core.shell:Skip shell extension 'powershell' for command environment: Not usable outside of PowerShell
[0.192s] DEBUG:colcon.colcon_core.shell:Skip shell extension 'dsv' for command environment
[0.201s] DEBUG:colcon.colcon_core.event_handler.log_command:Invoking command in '/home/julian/Documents/FH/ros2_ws/src/PROLB/build/PROLB_Haring': DEBUGINFOD_URLS=https://debuginfod.ubuntu.com /usr/bin/cmake --build /home/julian/Documents/FH/ros2_ws/src/PROLB/build/PROLB_Haring -- -j16 -l16
[0.253s] DEBUG:colcon.colcon_core.event_handler.log_command:Invoked command in '/home/julian/Documents/FH/ros2_ws/src/PROLB/build/PROLB_Haring' returned '0': DEBUGINFOD_URLS=https://debuginfod.ubuntu.com /usr/bin/cmake --build /home/julian/Documents/FH/ros2_ws/src/PROLB/build/PROLB_Haring -- -j16 -l16
[0.264s] DEBUG:colcon.colcon_core.event_handler.log_command:Invoking command in '/home/julian/Documents/FH/ros2_ws/src/PROLB/build/PROLB_Haring': DEBUGINFOD_URLS=https://debuginfod.ubuntu.com /usr/bin/cmake --install /home/julian/Documents/FH/ros2_ws/src/PROLB/build/PROLB_Haring
[0.282s] Level 1:colcon.colcon_core.environment:create_environment_scripts_only(PROLB_Haring)
[0.282s] DEBUG:colcon.colcon_core.event_handler.log_command:Invoked command in '/home/julian/Documents/FH/ros2_ws/src/PROLB/build/PROLB_Haring' returned '0': DEBUGINFOD_URLS=https://debuginfod.ubuntu.com /usr/bin/cmake --install /home/julian/Documents/FH/ros2_ws/src/PROLB/build/PROLB_Haring
[0.285s] Level 1:colcon.colcon_core.environment:checking '/home/julian/Documents/FH/ros2_ws/src/PROLB/install/PROLB_Haring' for CMake module files
[0.286s] Level 1:colcon.colcon_core.environment:checking '/home/julian/Documents/FH/ros2_ws/src/PROLB/install/PROLB_Haring' for CMake config files
[0.286s] Level 1:colcon.colcon_core.shell:create_environment_hook('PROLB_Haring', 'cmake_prefix_path')
[0.286s] INFO:colcon.colcon_core.shell:Creating environment hook '/home/julian/Documents/FH/ros2_ws/src/PROLB/install/PROLB_Haring/share/PROLB_Haring/hook/cmake_prefix_path.ps1'
[0.287s] INFO:colcon.colcon_core.shell:Creating environment descriptor '/home/julian/Documents/FH/ros2_ws/src/PROLB/install/PROLB_Haring/share/PROLB_Haring/hook/cmake_prefix_path.dsv'
[0.287s] INFO:colcon.colcon_core.shell:Creating environment hook '/home/julian/Documents/FH/ros2_ws/src/PROLB/install/PROLB_Haring/share/PROLB_Haring/hook/cmake_prefix_path.sh'
[0.288s] Level 1:colcon.colcon_core.environment:checking '/home/julian/Documents/FH/ros2_ws/src/PROLB/install/PROLB_Haring/bin'
[0.288s] Level 1:colcon.colcon_core.environment:checking '/home/julian/Documents/FH/ros2_ws/src/PROLB/install/PROLB_Haring/lib/pkgconfig/PROLB_Haring.pc'
[0.290s] Level 1:colcon.colcon_core.environment:checking '/home/julian/Documents/FH/ros2_ws/src/PROLB/install/PROLB_Haring/lib/python3.12/site-packages'
[0.291s] Level 1:colcon.colcon_core.environment:checking '/home/julian/Documents/FH/ros2_ws/src/PROLB/install/PROLB_Haring/bin'
[0.291s] INFO:colcon.colcon_core.shell:Creating package script '/home/julian/Documents/FH/ros2_ws/src/PROLB/install/PROLB_Haring/share/PROLB_Haring/package.ps1'
[0.291s] INFO:colcon.colcon_core.shell:Creating package descriptor '/home/julian/Documents/FH/ros2_ws/src/PROLB/install/PROLB_Haring/share/PROLB_Haring/package.dsv'
[0.292s] INFO:colcon.colcon_core.shell:Creating package script '/home/julian/Documents/FH/ros2_ws/src/PROLB/install/PROLB_Haring/share/PROLB_Haring/package.sh'
[0.292s] INFO:colcon.colcon_core.shell:Creating package script '/home/julian/Documents/FH/ros2_ws/src/PROLB/install/PROLB_Haring/share/PROLB_Haring/package.bash'
[0.293s] INFO:colcon.colcon_core.shell:Creating package script '/home/julian/Documents/FH/ros2_ws/src/PROLB/install/PROLB_Haring/share/PROLB_Haring/package.zsh'
[0.293s] Level 1:colcon.colcon_core.environment:create_file_with_runtime_dependencies(/home/julian/Documents/FH/ros2_ws/src/PROLB/install/PROLB_Haring/share/colcon-core/packages/PROLB_Haring)
[0.294s] Level 1:colcon.colcon_core.environment:create_environment_scripts_only(PROLB_Haring)
[0.294s] Level 1:colcon.colcon_core.environment:checking '/home/julian/Documents/FH/ros2_ws/src/PROLB/install/PROLB_Haring' for CMake module files
[0.295s] Level 1:colcon.colcon_core.environment:checking '/home/julian/Documents/FH/ros2_ws/src/PROLB/install/PROLB_Haring' for CMake config files
[0.295s] Level 1:colcon.colcon_core.shell:create_environment_hook('PROLB_Haring', 'cmake_prefix_path')
[0.295s] INFO:colcon.colcon_core.shell:Creating environment hook '/home/julian/Documents/FH/ros2_ws/src/PROLB/install/PROLB_Haring/share/PROLB_Haring/hook/cmake_prefix_path.ps1'
[0.296s] INFO:colcon.colcon_core.shell:Creating environment descriptor '/home/julian/Documents/FH/ros2_ws/src/PROLB/install/PROLB_Haring/share/PROLB_Haring/hook/cmake_prefix_path.dsv'
[0.296s] INFO:colcon.colcon_core.shell:Creating environment hook '/home/julian/Documents/FH/ros2_ws/src/PROLB/install/PROLB_Haring/share/PROLB_Haring/hook/cmake_prefix_path.sh'
[0.296s] Level 1:colcon.colcon_core.environment:checking '/home/julian/Documents/FH/ros2_ws/src/PROLB/install/PROLB_Haring/bin'
[0.297s] Level 1:colcon.colcon_core.environment:checking '/home/julian/Documents/FH/ros2_ws/src/PROLB/install/PROLB_Haring/lib/pkgconfig/PROLB_Haring.pc'
[0.297s] Level 1:colcon.colcon_core.environment:checking '/home/julian/Documents/FH/ros2_ws/src/PROLB/install/PROLB_Haring/lib/python3.12/site-packages'
[0.297s] Level 1:colcon.colcon_core.environment:checking '/home/julian/Documents/FH/ros2_ws/src/PROLB/install/PROLB_Haring/bin'
[0.297s] INFO:colcon.colcon_core.shell:Creating package script '/home/julian/Documents/FH/ros2_ws/src/PROLB/install/PROLB_Haring/share/PROLB_Haring/package.ps1'
[0.298s] INFO:colcon.colcon_core.shell:Creating package descriptor '/home/julian/Documents/FH/ros2_ws/src/PROLB/install/PROLB_Haring/share/PROLB_Haring/package.dsv'
[0.298s] INFO:colcon.colcon_core.shell:Creating package script '/home/julian/Documents/FH/ros2_ws/src/PROLB/install/PROLB_Haring/share/PROLB_Haring/package.sh'
[0.299s] INFO:colcon.colcon_core.shell:Creating package script '/home/julian/Documents/FH/ros2_ws/src/PROLB/install/PROLB_Haring/share/PROLB_Haring/package.bash'
[0.299s] INFO:colcon.colcon_core.shell:Creating package script '/home/julian/Documents/FH/ros2_ws/src/PROLB/install/PROLB_Haring/share/PROLB_Haring/package.zsh'
[0.299s] Level 1:colcon.colcon_core.environment:create_file_with_runtime_dependencies(/home/julian/Documents/FH/ros2_ws/src/PROLB/install/PROLB_Haring/share/colcon-core/packages/PROLB_Haring)
[0.300s] DEBUG:colcon.colcon_parallel_executor.executor.parallel:closing loop
[0.300s] DEBUG:colcon.colcon_parallel_executor.executor.parallel:loop closed
[0.300s] DEBUG:colcon.colcon_parallel_executor.executor.parallel:run_until_complete finished with '0'
[0.301s] DEBUG:colcon.colcon_core.event_reactor:joining thread
[0.307s] INFO:colcon.colcon_core.plugin_system:Skipping extension 'colcon_notification.desktop_notification.terminal_notifier': Not used on non-Darwin systems
[0.307s] INFO:colcon.colcon_core.plugin_system:Skipping extension 'colcon_notification.desktop_notification.win32': Not used on non-Windows systems
[0.307s] INFO:colcon.colcon_notification.desktop_notification:Sending desktop notification using 'notify2'
[0.330s] DEBUG:colcon.colcon_core.event_reactor:joined thread
[0.331s] INFO:colcon.colcon_core.shell:Creating prefix script '/home/julian/Documents/FH/ros2_ws/src/PROLB/install/local_setup.ps1'
[0.332s] INFO:colcon.colcon_core.shell:Creating prefix util module '/home/julian/Documents/FH/ros2_ws/src/PROLB/install/_local_setup_util_ps1.py'
[0.335s] INFO:colcon.colcon_core.shell:Creating prefix chain script '/home/julian/Documents/FH/ros2_ws/src/PROLB/install/setup.ps1'
[0.336s] INFO:colcon.colcon_core.shell:Creating prefix script '/home/julian/Documents/FH/ros2_ws/src/PROLB/install/local_setup.sh'
[0.337s] INFO:colcon.colcon_core.shell:Creating prefix util module '/home/julian/Documents/FH/ros2_ws/src/PROLB/install/_local_setup_util_sh.py'
[0.338s] INFO:colcon.colcon_core.shell:Creating prefix chain script '/home/julian/Documents/FH/ros2_ws/src/PROLB/install/setup.sh'
[0.339s] INFO:colcon.colcon_core.shell:Creating prefix script '/home/julian/Documents/FH/ros2_ws/src/PROLB/install/local_setup.bash'
[0.341s] INFO:colcon.colcon_core.shell:Creating prefix chain script '/home/julian/Documents/FH/ros2_ws/src/PROLB/install/setup.bash'
[0.342s] INFO:colcon.colcon_core.shell:Creating prefix script '/home/julian/Documents/FH/ros2_ws/src/PROLB/install/local_setup.zsh'
[0.342s] INFO:colcon.colcon_core.shell:Creating prefix chain script '/home/julian/Documents/FH/ros2_ws/src/PROLB/install/setup.zsh'
