[0.011s] Invoking command in '/home/julian/Documents/FH/ros2_ws/src/PROLB/build/PROLB_Haring': CMAKE_PREFIX_PATH=${CMAKE_PREFIX_PATH}:/opt/ros/jazzy DEBUGINFOD_URLS=https://debuginfod.ubuntu.com /usr/bin/cmake /home/julian/Documents/FH/ros2_ws/src/PROLB -DCMAKE_INSTALL_PREFIX=/home/julian/Documents/FH/ros2_ws/src/PROLB/install/PROLB_Haring
[0.034s] -- Found ament_cmake: 2.5.4 (/opt/ros/jazzy/share/ament_cmake/cmake)
[0.165s] -- Found Python3: /usr/bin/python3 (found version "3.12.3") found components: Interpreter 
[0.266s] -- Found rclcpp: 28.1.9 (/opt/ros/jazzy/share/rclcpp/cmake)
[0.300s] -- Found rosidl_generator_c: 4.6.5 (/opt/ros/jazzy/share/rosidl_generator_c/cmake)
[0.319s] -- Found rosidl_generator_cpp: 4.6.5 (/opt/ros/jazzy/share/rosidl_generator_cpp/cmake)
[0.339s] -- Using all available rosidl_typesupport_c: rosidl_typesupport_fastrtps_c;rosidl_typesupport_introspection_c
[0.354s] -- Using all available rosidl_typesupport_cpp: rosidl_typesupport_fastrtps_cpp;rosidl_typesupport_introspection_cpp
[0.426s] -- Found rmw_implementation_cmake: 7.3.2 (/opt/ros/jazzy/share/rmw_implementation_cmake/cmake)
[0.430s] -- Found rmw_fastrtps_cpp: 8.4.2 (/opt/ros/jazzy/share/rmw_fastrtps_cpp/cmake)
[0.536s] -- Found OpenSSL: /usr/lib/x86_64-linux-gnu/libcrypto.so (found version "3.0.13")  
[0.558s] -- Found FastRTPS: /opt/ros/jazzy/include (Required is at least version "2.13") 
[0.581s] -- Using RMW implementation 'rmw_fastrtps_cpp' as default
[0.661s] -- Found std_msgs: 5.3.6 (/opt/ros/jazzy/share/std_msgs/cmake)
[0.680s] -- Found ament_lint_auto: 0.17.2 (/opt/ros/jazzy/share/ament_lint_auto/cmake)
[0.753s] WARNING: Package name "PROLB_Haring" does not follow the naming conventions. It should start with a lower case letter and only contain lower case letters, digits, underscores, and dashes.
[0.770s] -- Configuring done (0.7s)
[0.775s] -- Generating done (0.0s)
[0.777s] -- Build files have been written to: /home/julian/Documents/FH/ros2_ws/src/PROLB/build/PROLB_Haring
[0.784s] Invoked command in '/home/julian/Documents/FH/ros2_ws/src/PROLB/build/PROLB_Haring' returned '0': CMAKE_PREFIX_PATH=${CMAKE_PREFIX_PATH}:/opt/ros/jazzy DEBUGINFOD_URLS=https://debuginfod.ubuntu.com /usr/bin/cmake /home/julian/Documents/FH/ros2_ws/src/PROLB -DCMAKE_INSTALL_PREFIX=/home/julian/Documents/FH/ros2_ws/src/PROLB/install/PROLB_Haring
[0.786s] Invoking command in '/home/julian/Documents/FH/ros2_ws/src/PROLB/build/PROLB_Haring': CMAKE_PREFIX_PATH=${CMAKE_PREFIX_PATH}:/opt/ros/jazzy DEBUGINFOD_URLS=https://debuginfod.ubuntu.com /usr/bin/cmake --build /home/julian/Documents/FH/ros2_ws/src/PROLB/build/PROLB_Haring -- -j16 -l16
[0.834s] Invoked command in '/home/julian/Documents/FH/ros2_ws/src/PROLB/build/PROLB_Haring' returned '0': CMAKE_PREFIX_PATH=${CMAKE_PREFIX_PATH}:/opt/ros/jazzy DEBUGINFOD_URLS=https://debuginfod.ubuntu.com /usr/bin/cmake --build /home/julian/Documents/FH/ros2_ws/src/PROLB/build/PROLB_Haring -- -j16 -l16
[0.846s] Invoking command in '/home/julian/Documents/FH/ros2_ws/src/PROLB/build/PROLB_Haring': CMAKE_PREFIX_PATH=${CMAKE_PREFIX_PATH}:/opt/ros/jazzy DEBUGINFOD_URLS=https://debuginfod.ubuntu.com /usr/bin/cmake --install /home/julian/Documents/FH/ros2_ws/src/PROLB/build/PROLB_Haring
[0.855s] -- Install configuration: ""
[0.855s] -- Installing: /home/julian/Documents/FH/ros2_ws/src/PROLB/install/PROLB_Haring/share/PROLB_Haring/launch
[0.855s] -- Installing: /home/julian/Documents/FH/ros2_ws/src/PROLB/install/PROLB_Haring/share/PROLB_Haring/launch/testlaunch.py
[0.856s] -- Installing: /home/julian/Documents/FH/ros2_ws/src/PROLB/install/PROLB_Haring/share/PROLB_Haring/launch/full_bringup.launch.py
[0.856s] -- Installing: /home/julian/Documents/FH/ros2_ws/src/PROLB/install/PROLB_Haring/share/PROLB_Haring/launch/turtlebot3_empty_world.xml
[0.856s] -- Installing: /home/julian/Documents/FH/ros2_ws/src/PROLB/install/PROLB_Haring/share/PROLB_Haring/launch/sim.launch.py
[0.856s] -- Installing: /home/julian/Documents/FH/ros2_ws/src/PROLB/install/PROLB_Haring/share/PROLB_Haring/launch/testlaunch.xml
[0.856s] -- Installing: /home/julian/Documents/FH/ros2_ws/src/PROLB/install/PROLB_Haring/share/PROLB_Haring/maps
[0.856s] -- Installing: /home/julian/Documents/FH/ros2_ws/src/PROLB/install/PROLB_Haring/share/PROLB_Haring/maps/playground.world
[0.856s] -- Installing: /home/julian/Documents/FH/ros2_ws/src/PROLB/install/PROLB_Haring/share/PROLB_Haring/maps/warehouse.sdf
[0.856s] -- Installing: /home/julian/Documents/FH/ros2_ws/src/PROLB/install/PROLB_Haring/share/PROLB_Haring/maps/empty.world
[0.857s] -- Installing: /home/julian/Documents/FH/ros2_ws/src/PROLB/install/PROLB_Haring/share/ament_index/resource_index/package_run_dependencies/PROLB_Haring
[0.857s] -- Installing: /home/julian/Documents/FH/ros2_ws/src/PROLB/install/PROLB_Haring/share/ament_index/resource_index/parent_prefix_path/PROLB_Haring
[0.857s] -- Installing: /home/julian/Documents/FH/ros2_ws/src/PROLB/install/PROLB_Haring/share/PROLB_Haring/environment/ament_prefix_path.sh
[0.857s] -- Installing: /home/julian/Documents/FH/ros2_ws/src/PROLB/install/PROLB_Haring/share/PROLB_Haring/environment/ament_prefix_path.dsv
[0.857s] -- Installing: /home/julian/Documents/FH/ros2_ws/src/PROLB/install/PROLB_Haring/share/PROLB_Haring/environment/path.sh
[0.857s] -- Installing: /home/julian/Documents/FH/ros2_ws/src/PROLB/install/PROLB_Haring/share/PROLB_Haring/environment/path.dsv
[0.857s] -- Installing: /home/julian/Documents/FH/ros2_ws/src/PROLB/install/PROLB_Haring/share/PROLB_Haring/local_setup.bash
[0.857s] -- Installing: /home/julian/Documents/FH/ros2_ws/src/PROLB/install/PROLB_Haring/share/PROLB_Haring/local_setup.sh
[0.857s] -- Installing: /home/julian/Documents/FH/ros2_ws/src/PROLB/install/PROLB_Haring/share/PROLB_Haring/local_setup.zsh
[0.857s] -- Installing: /home/julian/Documents/FH/ros2_ws/src/PROLB/install/PROLB_Haring/share/PROLB_Haring/local_setup.dsv
[0.857s] -- Installing: /home/julian/Documents/FH/ros2_ws/src/PROLB/install/PROLB_Haring/share/PROLB_Haring/package.dsv
[0.857s] -- Installing: /home/julian/Documents/FH/ros2_ws/src/PROLB/install/PROLB_Haring/share/ament_index/resource_index/packages/PROLB_Haring
[0.857s] -- Installing: /home/julian/Documents/FH/ros2_ws/src/PROLB/install/PROLB_Haring/share/PROLB_Haring/cmake/PROLB_HaringConfig.cmake
[0.858s] -- Installing: /home/julian/Documents/FH/ros2_ws/src/PROLB/install/PROLB_Haring/share/PROLB_Haring/cmake/PROLB_HaringConfig-version.cmake
[0.858s] -- Installing: /home/julian/Documents/FH/ros2_ws/src/PROLB/install/PROLB_Haring/share/PROLB_Haring/package.xml
[0.859s] Invoked command in '/home/julian/Documents/FH/ros2_ws/src/PROLB/build/PROLB_Haring' returned '0': CMAKE_PREFIX_PATH=${CMAKE_PREFIX_PATH}:/opt/ros/jazzy DEBUGINFOD_URLS=https://debuginfod.ubuntu.com /usr/bin/cmake --install /home/julian/Documents/FH/ros2_ws/src/PROLB/build/PROLB_Haring
