-- Install configuration: ""
-- Up-to-date: /home/julian/Documents/FH/ros2_ws/src/PROLB/install/PROLB_Haring/share/PROLB_Haring/launch
-- Installing: /home/julian/Documents/FH/ros2_ws/src/PROLB/install/PROLB_Haring/share/PROLB_Haring/launch/install
-- Installing: /home/julian/Documents/FH/ros2_ws/src/PROLB/install/PROLB_Haring/share/PROLB_Haring/launch/install/_local_setup_util_sh.py
-- Installing: /home/julian/Documents/FH/ros2_ws/src/PROLB/install/PROLB_Haring/share/PROLB_Haring/launch/install/setup.zsh
-- Installing: /home/julian/Documents/FH/ros2_ws/src/PROLB/install/PROLB_Haring/share/PROLB_Haring/launch/install/.colcon_install_layout
-- Installing: /home/julian/Documents/FH/ros2_ws/src/PROLB/install/PROLB_Haring/share/PROLB_Haring/launch/install/setup.ps1
-- Installing: /home/julian/Documents/FH/ros2_ws/src/PROLB/install/PROLB_Haring/share/PROLB_Haring/launch/install/_local_setup_util_ps1.py
-- Installing: /home/julian/Documents/FH/ros2_ws/src/PROLB/install/PROLB_Haring/share/PROLB_Haring/launch/install/local_setup.ps1
-- Installing: /home/julian/Documents/FH/ros2_ws/src/PROLB/install/PROLB_Haring/share/PROLB_Haring/launch/install/setup.bash
-- Installing: /home/julian/Documents/FH/ros2_ws/src/PROLB/install/PROLB_Haring/share/PROLB_Haring/launch/install/local_setup.bash
-- Installing: /home/julian/Documents/FH/ros2_ws/src/PROLB/install/PROLB_Haring/share/PROLB_Haring/launch/install/COLCON_IGNORE
-- Installing: /home/julian/Documents/FH/ros2_ws/src/PROLB/install/PROLB_Haring/share/PROLB_Haring/launch/install/local_setup.sh
-- Installing: /home/julian/Documents/FH/ros2_ws/src/PROLB/install/PROLB_Haring/share/PROLB_Haring/launch/install/setup.sh
-- Installing: /home/julian/Documents/FH/ros2_ws/src/PROLB/install/PROLB_Haring/share/PROLB_Haring/launch/install/local_setup.zsh
-- Up-to-date: /home/julian/Documents/FH/ros2_ws/src/PROLB/install/PROLB_Haring/share/PROLB_Haring/launch/testlaunch.py
-- Installing: /home/julian/Documents/FH/ros2_ws/src/PROLB/install/PROLB_Haring/share/PROLB_Haring/launch/build
-- Installing: /home/julian/Documents/FH/ros2_ws/src/PROLB/install/PROLB_Haring/share/PROLB_Haring/launch/build/.built_by
-- Installing: /home/julian/Documents/FH/ros2_ws/src/PROLB/install/PROLB_Haring/share/PROLB_Haring/launch/build/COLCON_IGNORE
-- Up-to-date: /home/julian/Documents/FH/ros2_ws/src/PROLB/install/PROLB_Haring/share/PROLB_Haring/launch/full_bringup.launch.py
-- Installing: /home/julian/Documents/FH/ros2_ws/src/PROLB/install/PROLB_Haring/share/PROLB_Haring/launch/log
-- Installing: /home/julian/Documents/FH/ros2_ws/src/PROLB/install/PROLB_Haring/share/PROLB_Haring/launch/log/build_2025-06-20_16-30-31
-- Installing: /home/julian/Documents/FH/ros2_ws/src/PROLB/install/PROLB_Haring/share/PROLB_Haring/launch/log/build_2025-06-20_16-30-31/logger_all.log
-- Installing: /home/julian/Documents/FH/ros2_ws/src/PROLB/install/PROLB_Haring/share/PROLB_Haring/launch/log/build_2025-06-20_16-30-31/events.log
-- Installing: /home/julian/Documents/FH/ros2_ws/src/PROLB/install/PROLB_Haring/share/PROLB_Haring/launch/log/COLCON_IGNORE
-- Installing: /home/julian/Documents/FH/ros2_ws/src/PROLB/install/PROLB_Haring/share/PROLB_Haring/launch/log/latest
-- Installing: /home/julian/Documents/FH/ros2_ws/src/PROLB/install/PROLB_Haring/share/PROLB_Haring/launch/log/latest_build
-- Up-to-date: /home/julian/Documents/FH/ros2_ws/src/PROLB/install/PROLB_Haring/share/PROLB_Haring/launch/turtlebot3_empty_world.xml
-- Installing: /home/julian/Documents/FH/ros2_ws/src/PROLB/install/PROLB_Haring/share/PROLB_Haring/launch/sim.launch.py
-- Up-to-date: /home/julian/Documents/FH/ros2_ws/src/PROLB/install/PROLB_Haring/share/PROLB_Haring/launch/testlaunch.xml
-- Up-to-date: /home/julian/Documents/FH/ros2_ws/src/PROLB/install/PROLB_Haring/share/PROLB_Haring/maps
-- Up-to-date: /home/julian/Documents/FH/ros2_ws/src/PROLB/install/PROLB_Haring/share/PROLB_Haring/maps/playground.world
-- Up-to-date: /home/julian/Documents/FH/ros2_ws/src/PROLB/install/PROLB_Haring/share/PROLB_Haring/maps/warehouse.sdf
-- Up-to-date: /home/julian/Documents/FH/ros2_ws/src/PROLB/install/PROLB_Haring/share/PROLB_Haring/maps/empty.world
-- Up-to-date: /home/julian/Documents/FH/ros2_ws/src/PROLB/install/PROLB_Haring/share/ament_index/resource_index/package_run_dependencies/PROLB_Haring
-- Up-to-date: /home/julian/Documents/FH/ros2_ws/src/PROLB/install/PROLB_Haring/share/ament_index/resource_index/parent_prefix_path/PROLB_Haring
-- Up-to-date: /home/julian/Documents/FH/ros2_ws/src/PROLB/install/PROLB_Haring/share/PROLB_Haring/environment/ament_prefix_path.sh
-- Up-to-date: /home/julian/Documents/FH/ros2_ws/src/PROLB/install/PROLB_Haring/share/PROLB_Haring/environment/ament_prefix_path.dsv
-- Up-to-date: /home/julian/Documents/FH/ros2_ws/src/PROLB/install/PROLB_Haring/share/PROLB_Haring/environment/path.sh
-- Up-to-date: /home/julian/Documents/FH/ros2_ws/src/PROLB/install/PROLB_Haring/share/PROLB_Haring/environment/path.dsv
-- Up-to-date: /home/julian/Documents/FH/ros2_ws/src/PROLB/install/PROLB_Haring/share/PROLB_Haring/local_setup.bash
-- Up-to-date: /home/julian/Documents/FH/ros2_ws/src/PROLB/install/PROLB_Haring/share/PROLB_Haring/local_setup.sh
-- Up-to-date: /home/julian/Documents/FH/ros2_ws/src/PROLB/install/PROLB_Haring/share/PROLB_Haring/local_setup.zsh
-- Up-to-date: /home/julian/Documents/FH/ros2_ws/src/PROLB/install/PROLB_Haring/share/PROLB_Haring/local_setup.dsv
-- Up-to-date: /home/julian/Documents/FH/ros2_ws/src/PROLB/install/PROLB_Haring/share/PROLB_Haring/package.dsv
-- Up-to-date: /home/julian/Documents/FH/ros2_ws/src/PROLB/install/PROLB_Haring/share/ament_index/resource_index/packages/PROLB_Haring
-- Up-to-date: /home/julian/Documents/FH/ros2_ws/src/PROLB/install/PROLB_Haring/share/PROLB_Haring/cmake/PROLB_HaringConfig.cmake
-- Up-to-date: /home/julian/Documents/FH/ros2_ws/src/PROLB/install/PROLB_Haring/share/PROLB_Haring/cmake/PROLB_HaringConfig-version.cmake
-- Up-to-date: /home/julian/Documents/FH/ros2_ws/src/PROLB/install/PROLB_Haring/share/PROLB_Haring/package.xml
