[0.012s] Invoking command in '/home/julian/Documents/FH/ros2_ws/src/PROLB/build/PROLB_Haring': DEBUGINFOD_URLS=https://debuginfod.ubuntu.com /usr/bin/cmake --build /home/julian/Documents/FH/ros2_ws/src/PROLB/build/PROLB_Haring -- -j16 -l16
[0.064s] Invoked command in '/home/julian/Documents/FH/ros2_ws/src/PROLB/build/PROLB_Haring' returned '0': DEBUGINFOD_URLS=https://debuginfod.ubuntu.com /usr/bin/cmake --build /home/julian/Documents/FH/ros2_ws/src/PROLB/build/PROLB_Haring -- -j16 -l16
[0.075s] Invoking command in '/home/julian/Documents/FH/ros2_ws/src/PROLB/build/PROLB_Haring': DEBUGINFOD_URLS=https://debuginfod.ubuntu.com /usr/bin/cmake --install /home/julian/Documents/FH/ros2_ws/src/PROLB/build/PROLB_Haring
[0.085s] -- Install configuration: ""
[0.085s] -- Up-to-date: /home/julian/Documents/FH/ros2_ws/src/PROLB/install/PROLB_Haring/share/PROLB_Haring/launch
[0.085s] -- Installing: /home/julian/Documents/FH/ros2_ws/src/PROLB/install/PROLB_Haring/share/PROLB_Haring/launch/install
[0.086s] -- Installing: /home/julian/Documents/FH/ros2_ws/src/PROLB/install/PROLB_Haring/share/PROLB_Haring/launch/install/_local_setup_util_sh.py
[0.086s] -- Installing: /home/julian/Documents/FH/ros2_ws/src/PROLB/install/PROLB_Haring/share/PROLB_Haring/launch/install/setup.zsh
[0.086s] -- Installing: /home/julian/Documents/FH/ros2_ws/src/PROLB/install/PROLB_Haring/share/PROLB_Haring/launch/install/.colcon_install_layout
[0.086s] -- Installing: /home/julian/Documents/FH/ros2_ws/src/PROLB/install/PROLB_Haring/share/PROLB_Haring/launch/install/setup.ps1
[0.086s] -- Installing: /home/julian/Documents/FH/ros2_ws/src/PROLB/install/PROLB_Haring/share/PROLB_Haring/launch/install/_local_setup_util_ps1.py
[0.086s] -- Installing: /home/julian/Documents/FH/ros2_ws/src/PROLB/install/PROLB_Haring/share/PROLB_Haring/launch/install/local_setup.ps1
[0.087s] -- Installing: /home/julian/Documents/FH/ros2_ws/src/PROLB/install/PROLB_Haring/share/PROLB_Haring/launch/install/setup.bash
[0.087s] -- Installing: /home/julian/Documents/FH/ros2_ws/src/PROLB/install/PROLB_Haring/share/PROLB_Haring/launch/install/local_setup.bash
[0.087s] -- Installing: /home/julian/Documents/FH/ros2_ws/src/PROLB/install/PROLB_Haring/share/PROLB_Haring/launch/install/COLCON_IGNORE
[0.087s] -- Installing: /home/julian/Documents/FH/ros2_ws/src/PROLB/install/PROLB_Haring/share/PROLB_Haring/launch/install/local_setup.sh
[0.087s] -- Installing: /home/julian/Documents/FH/ros2_ws/src/PROLB/install/PROLB_Haring/share/PROLB_Haring/launch/install/setup.sh
[0.087s] -- Installing: /home/julian/Documents/FH/ros2_ws/src/PROLB/install/PROLB_Haring/share/PROLB_Haring/launch/install/local_setup.zsh
[0.088s] -- Up-to-date: /home/julian/Documents/FH/ros2_ws/src/PROLB/install/PROLB_Haring/share/PROLB_Haring/launch/testlaunch.py
[0.088s] -- Installing: /home/julian/Documents/FH/ros2_ws/src/PROLB/install/PROLB_Haring/share/PROLB_Haring/launch/build
[0.088s] -- Installing: /home/julian/Documents/FH/ros2_ws/src/PROLB/install/PROLB_Haring/share/PROLB_Haring/launch/build/.built_by
[0.088s] -- Installing: /home/julian/Documents/FH/ros2_ws/src/PROLB/install/PROLB_Haring/share/PROLB_Haring/launch/build/COLCON_IGNORE
[0.088s] -- Up-to-date: /home/julian/Documents/FH/ros2_ws/src/PROLB/install/PROLB_Haring/share/PROLB_Haring/launch/full_bringup.launch.py
[0.088s] -- Installing: /home/julian/Documents/FH/ros2_ws/src/PROLB/install/PROLB_Haring/share/PROLB_Haring/launch/log
[0.088s] -- Installing: /home/julian/Documents/FH/ros2_ws/src/PROLB/install/PROLB_Haring/share/PROLB_Haring/launch/log/build_2025-06-20_16-30-31
[0.089s] -- Installing: /home/julian/Documents/FH/ros2_ws/src/PROLB/install/PROLB_Haring/share/PROLB_Haring/launch/log/build_2025-06-20_16-30-31/logger_all.log
[0.089s] -- Installing: /home/julian/Documents/FH/ros2_ws/src/PROLB/install/PROLB_Haring/share/PROLB_Haring/launch/log/build_2025-06-20_16-30-31/events.log
[0.089s] -- Installing: /home/julian/Documents/FH/ros2_ws/src/PROLB/install/PROLB_Haring/share/PROLB_Haring/launch/log/COLCON_IGNORE
[0.089s] -- Installing: /home/julian/Documents/FH/ros2_ws/src/PROLB/install/PROLB_Haring/share/PROLB_Haring/launch/log/latest
[0.089s] -- Installing: /home/julian/Documents/FH/ros2_ws/src/PROLB/install/PROLB_Haring/share/PROLB_Haring/launch/log/latest_build
[0.089s] -- Up-to-date: /home/julian/Documents/FH/ros2_ws/src/PROLB/install/PROLB_Haring/share/PROLB_Haring/launch/turtlebot3_empty_world.xml
[0.089s] -- Installing: /home/julian/Documents/FH/ros2_ws/src/PROLB/install/PROLB_Haring/share/PROLB_Haring/launch/sim.launch.py
[0.089s] -- Up-to-date: /home/julian/Documents/FH/ros2_ws/src/PROLB/install/PROLB_Haring/share/PROLB_Haring/launch/testlaunch.xml
[0.089s] -- Up-to-date: /home/julian/Documents/FH/ros2_ws/src/PROLB/install/PROLB_Haring/share/PROLB_Haring/maps
[0.090s] -- Up-to-date: /home/julian/Documents/FH/ros2_ws/src/PROLB/install/PROLB_Haring/share/PROLB_Haring/maps/playground.world
[0.090s] -- Up-to-date: /home/julian/Documents/FH/ros2_ws/src/PROLB/install/PROLB_Haring/share/PROLB_Haring/maps/warehouse.sdf
[0.090s] -- Up-to-date: /home/julian/Documents/FH/ros2_ws/src/PROLB/install/PROLB_Haring/share/PROLB_Haring/maps/empty.world
[0.090s] -- Up-to-date: /home/julian/Documents/FH/ros2_ws/src/PROLB/install/PROLB_Haring/share/ament_index/resource_index/package_run_dependencies/PROLB_Haring
[0.090s] -- Up-to-date: /home/julian/Documents/FH/ros2_ws/src/PROLB/install/PROLB_Haring/share/ament_index/resource_index/parent_prefix_path/PROLB_Haring
[0.090s] -- Up-to-date: /home/julian/Documents/FH/ros2_ws/src/PROLB/install/PROLB_Haring/share/PROLB_Haring/environment/ament_prefix_path.sh
[0.090s] -- Up-to-date: /home/julian/Documents/FH/ros2_ws/src/PROLB/install/PROLB_Haring/share/PROLB_Haring/environment/ament_prefix_path.dsv
[0.090s] -- Up-to-date: /home/julian/Documents/FH/ros2_ws/src/PROLB/install/PROLB_Haring/share/PROLB_Haring/environment/path.sh
[0.090s] -- Up-to-date: /home/julian/Documents/FH/ros2_ws/src/PROLB/install/PROLB_Haring/share/PROLB_Haring/environment/path.dsv
[0.090s] -- Up-to-date: /home/julian/Documents/FH/ros2_ws/src/PROLB/install/PROLB_Haring/share/PROLB_Haring/local_setup.bash
[0.090s] -- Up-to-date: /home/julian/Documents/FH/ros2_ws/src/PROLB/install/PROLB_Haring/share/PROLB_Haring/local_setup.sh
[0.090s] -- Up-to-date: /home/julian/Documents/FH/ros2_ws/src/PROLB/install/PROLB_Haring/share/PROLB_Haring/local_setup.zsh
[0.091s] -- Up-to-date: /home/julian/Documents/FH/ros2_ws/src/PROLB/install/PROLB_Haring/share/PROLB_Haring/local_setup.dsv
[0.091s] -- Up-to-date: /home/julian/Documents/FH/ros2_ws/src/PROLB/install/PROLB_Haring/share/PROLB_Haring/package.dsv
[0.091s] -- Up-to-date: /home/julian/Documents/FH/ros2_ws/src/PROLB/install/PROLB_Haring/share/ament_index/resource_index/packages/PROLB_Haring
[0.091s] -- Up-to-date: /home/julian/Documents/FH/ros2_ws/src/PROLB/install/PROLB_Haring/share/PROLB_Haring/cmake/PROLB_HaringConfig.cmake
[0.091s] -- Up-to-date: /home/julian/Documents/FH/ros2_ws/src/PROLB/install/PROLB_Haring/share/PROLB_Haring/cmake/PROLB_HaringConfig-version.cmake
[0.091s] -- Up-to-date: /home/julian/Documents/FH/ros2_ws/src/PROLB/install/PROLB_Haring/share/PROLB_Haring/package.xml
[0.093s] Invoked command in '/home/julian/Documents/FH/ros2_ws/src/PROLB/build/PROLB_Haring' returned '0': DEBUGINFOD_URLS=https://debuginfod.ubuntu.com /usr/bin/cmake --install /home/julian/Documents/FH/ros2_ws/src/PROLB/build/PROLB_Haring
