[0.008s] Invoking command in '/home/julian/Documents/FH/ros2_ws/src/PROLB/build/PROLB_Haring': DEBUGINFOD_URLS=https://debuginfod.ubuntu.com /usr/bin/cmake /home/julian/Documents/FH/ros2_ws/src/PROLB -DCMAKE_INSTALL_PREFIX=/home/julian/Documents/FH/ros2_ws/src/PROLB/install/PROLB_Haring
[0.072s] -- The C compiler identification is GNU 13.3.0
[0.134s] -- The CXX compiler identification is GNU 13.3.0
[0.151s] -- Detecting C compiler ABI info
[0.243s] -- Detecting C compiler ABI info - done
[0.250s] -- Check for working C compiler: /usr/bin/cc - skipped
[0.250s] -- Detecting C compile features
[0.250s] -- Detecting C compile features - done
[0.259s] -- Detecting CXX compiler ABI info
[0.359s] -- Detecting CXX compiler ABI info - done
[0.366s] -- Check for working CXX compiler: /usr/bin/c++ - skipped
[0.366s] -- Detecting CXX compile features
[0.367s] -- Detecting CXX compile features - done
[0.374s] [31mCMake Error at CMakeLists.txt:9 (find_package):
[0.374s]   By not providing "Findament_cmake.cmake" in CMAKE_MODULE_PATH this project
[0.374s]   has asked CMake to find a package configuration file provided by
[0.374s]   "ament_cmake", but CMake did not find one.
[0.374s] 
[0.374s]   Could not find a package configuration file provided by "ament_cmake" with
[0.374s]   any of the following names:
[0.374s] 
[0.374s]     ament_cmakeConfig.cmake
[0.374s]     ament_cmake-config.cmake
[0.374s] 
[0.374s]   Add the installation prefix of "ament_cmake" to CMAKE_PREFIX_PATH or set
[0.375s]   "ament_cmake_DIR" to a directory containing one of the above files.  If
[0.375s]   "ament_cmake" provides a separate development package or SDK, be sure it
[0.375s]   has been installed.
[0.375s] 
[0.375s] [0m
[0.375s] -- Configuring incomplete, errors occurred!
[0.377s] Invoked command in '/home/julian/Documents/FH/ros2_ws/src/PROLB/build/PROLB_Haring' returned '1': DEBUGINFOD_URLS=https://debuginfod.ubuntu.com /usr/bin/cmake /home/julian/Documents/FH/ros2_ws/src/PROLB -DCMAKE_INSTALL_PREFIX=/home/julian/Documents/FH/ros2_ws/src/PROLB/install/PROLB_Haring
