[0.075s] DEBUG:colcon:Command line arguments: ['/usr/bin/colcon', 'build']
[0.075s] DEBUG:colcon:Parsed command line arguments: Namespace(log_base=None, log_level=None, verb_name='build', build_base='build', install_base='install', merge_install=False, symlink_install=False, test_result_base=None, continue_on_error=False, executor='parallel', parallel_workers=16, event_handlers=None, ignore_user_meta=False, metas=['./colcon.meta'], base_paths=['.'], packages_ignore=None, packages_ignore_regex=None, paths=None, packages_up_to=None, packages_up_to_regex=None, packages_above=None, packages_above_and_dependencies=None, packages_above_depth=None, packages_select_by_dep=None, packages_skip_by_dep=None, packages_skip_up_to=None, packages_select_build_failed=False, packages_skip_build_finished=False, packages_select_test_failures=False, packages_skip_test_passed=False, packages_select=None, packages_skip=None, packages_select_regex=None, packages_skip_regex=None, packages_start=None, packages_end=None, allow_overriding=[], cmake_args=None, cmake_target=None, cmake_target_skip_unavailable=False, cmake_clean_cache=False, cmake_clean_first=False, cmake_force_configure=False, ament_cmake_args=None, catkin_cmake_args=None, catkin_skip_building_tests=False, mixin_files=None, mixin=None, verb_parser=<colcon_mixin.mixin.mixin_argument.MixinArgumentDecorator object at 0x7ae5b6f9d3a0>, verb_extension=<colcon_core.verb.build.BuildVerb object at 0x7ae5b70b9c70>, main=<bound method BuildVerb.main of <colcon_core.verb.build.BuildVerb object at 0x7ae5b70b9c70>>, mixin_verb=('build',))
[0.102s] Level 1:colcon.colcon_core.package_discovery:discover_packages(colcon_meta) check parameters
[0.102s] Level 1:colcon.colcon_core.package_discovery:discover_packages(recursive) check parameters
[0.102s] Level 1:colcon.colcon_core.package_discovery:discover_packages(ignore) check parameters
[0.102s] Level 1:colcon.colcon_core.package_discovery:discover_packages(path) check parameters
[0.102s] Level 1:colcon.colcon_core.package_discovery:discover_packages(colcon_meta) discover
[0.102s] Level 1:colcon.colcon_core.package_discovery:discover_packages(recursive) discover
[0.103s] INFO:colcon.colcon_core.package_discovery:Crawling recursively for packages in '/home/julian/Documents/FH/ros2_ws/src/PROLB'
[0.103s] Level 1:colcon.colcon_core.package_identification:_identify(.) by extensions ['ignore', 'ignore_ament_install']
[0.103s] Level 1:colcon.colcon_core.package_identification:_identify(.) by extension 'ignore'
[0.103s] Level 1:colcon.colcon_core.package_identification:_identify(.) by extension 'ignore_ament_install'
[0.103s] Level 1:colcon.colcon_core.package_identification:_identify(.) by extensions ['colcon_pkg']
[0.103s] Level 1:colcon.colcon_core.package_identification:_identify(.) by extension 'colcon_pkg'
[0.103s] Level 1:colcon.colcon_core.package_identification:_identify(.) by extensions ['colcon_meta']
[0.103s] Level 1:colcon.colcon_core.package_identification:_identify(.) by extension 'colcon_meta'
[0.103s] Level 1:colcon.colcon_core.package_identification:_identify(.) by extensions ['ros']
[0.103s] Level 1:colcon.colcon_core.package_identification:_identify(.) by extension 'ros'
[0.126s] DEBUG:colcon.colcon_core.package_identification:Package '.' with type 'ros.ament_cmake' and name 'PROLB_Haring'
[0.126s] Level 1:colcon.colcon_core.package_discovery:discover_packages(recursive) using defaults
[0.126s] Level 1:colcon.colcon_core.package_discovery:discover_packages(ignore) discover
[0.126s] Level 1:colcon.colcon_core.package_discovery:discover_packages(ignore) using defaults
[0.126s] Level 1:colcon.colcon_core.package_discovery:discover_packages(path) discover
[0.126s] Level 1:colcon.colcon_core.package_discovery:discover_packages(path) using defaults
[0.141s] Level 1:colcon.colcon_core.package_discovery:discover_packages(prefix_path) check parameters
[0.142s] Level 1:colcon.colcon_core.package_discovery:discover_packages(prefix_path) discover
[0.147s] DEBUG:colcon.colcon_installed_package_information.package_discovery:Found 400 installed packages in /opt/ros/jazzy
[0.150s] Level 1:colcon.colcon_core.package_discovery:discover_packages(prefix_path) using defaults
[0.190s] Level 5:colcon.colcon_core.verb:set package 'PROLB_Haring' build argument 'cmake_args' from command line to 'None'
[0.190s] Level 5:colcon.colcon_core.verb:set package 'PROLB_Haring' build argument 'cmake_target' from command line to 'None'
[0.190s] Level 5:colcon.colcon_core.verb:set package 'PROLB_Haring' build argument 'cmake_target_skip_unavailable' from command line to 'False'
[0.190s] Level 5:colcon.colcon_core.verb:set package 'PROLB_Haring' build argument 'cmake_clean_cache' from command line to 'False'
[0.190s] Level 5:colcon.colcon_core.verb:set package 'PROLB_Haring' build argument 'cmake_clean_first' from command line to 'False'
[0.190s] Level 5:colcon.colcon_core.verb:set package 'PROLB_Haring' build argument 'cmake_force_configure' from command line to 'False'
[0.190s] Level 5:colcon.colcon_core.verb:set package 'PROLB_Haring' build argument 'ament_cmake_args' from command line to 'None'
[0.190s] Level 5:colcon.colcon_core.verb:set package 'PROLB_Haring' build argument 'catkin_cmake_args' from command line to 'None'
[0.190s] Level 5:colcon.colcon_core.verb:set package 'PROLB_Haring' build argument 'catkin_skip_building_tests' from command line to 'False'
[0.190s] DEBUG:colcon.colcon_core.verb:Building package 'PROLB_Haring' with the following arguments: {'ament_cmake_args': None, 'build_base': '/home/julian/Documents/FH/ros2_ws/src/PROLB/build/PROLB_Haring', 'catkin_cmake_args': None, 'catkin_skip_building_tests': False, 'cmake_args': None, 'cmake_clean_cache': False, 'cmake_clean_first': False, 'cmake_force_configure': False, 'cmake_target': None, 'cmake_target_skip_unavailable': False, 'install_base': '/home/julian/Documents/FH/ros2_ws/src/PROLB/install/PROLB_Haring', 'merge_install': False, 'path': '/home/julian/Documents/FH/ros2_ws/src/PROLB', 'symlink_install': False, 'test_result_base': None}
[0.190s] INFO:colcon.colcon_core.executor:Executing jobs using 'parallel' executor
[0.191s] DEBUG:colcon.colcon_parallel_executor.executor.parallel:run_until_complete
[0.191s] INFO:colcon.colcon_ros.task.ament_cmake.build:Building ROS package in '/home/julian/Documents/FH/ros2_ws/src/PROLB' with build type 'ament_cmake'
[0.191s] INFO:colcon.colcon_cmake.task.cmake.build:Building CMake package in '/home/julian/Documents/FH/ros2_ws/src/PROLB'
[0.193s] INFO:colcon.colcon_core.plugin_system:Skipping extension 'colcon_core.shell.bat': Not used on non-Windows systems
[0.193s] INFO:colcon.colcon_core.shell:Skip shell extension 'powershell' for command environment: Not usable outside of PowerShell
[0.193s] DEBUG:colcon.colcon_core.shell:Skip shell extension 'dsv' for command environment
[0.203s] DEBUG:colcon.colcon_core.event_handler.log_command:Invoking command in '/home/julian/Documents/FH/ros2_ws/src/PROLB/build/PROLB_Haring': CMAKE_PREFIX_PATH=${CMAKE_PREFIX_PATH}:/opt/ros/jazzy DEBUGINFOD_URLS=https://debuginfod.ubuntu.com /usr/bin/cmake /home/julian/Documents/FH/ros2_ws/src/PROLB -DCMAKE_INSTALL_PREFIX=/home/julian/Documents/FH/ros2_ws/src/PROLB/install/PROLB_Haring
[0.977s] DEBUG:colcon.colcon_core.event_handler.log_command:Invoked command in '/home/julian/Documents/FH/ros2_ws/src/PROLB/build/PROLB_Haring' returned '0': CMAKE_PREFIX_PATH=${CMAKE_PREFIX_PATH}:/opt/ros/jazzy DEBUGINFOD_URLS=https://debuginfod.ubuntu.com /usr/bin/cmake /home/julian/Documents/FH/ros2_ws/src/PROLB -DCMAKE_INSTALL_PREFIX=/home/julian/Documents/FH/ros2_ws/src/PROLB/install/PROLB_Haring
[0.978s] DEBUG:colcon.colcon_core.event_handler.log_command:Invoking command in '/home/julian/Documents/FH/ros2_ws/src/PROLB/build/PROLB_Haring': CMAKE_PREFIX_PATH=${CMAKE_PREFIX_PATH}:/opt/ros/jazzy DEBUGINFOD_URLS=https://debuginfod.ubuntu.com /usr/bin/cmake --build /home/julian/Documents/FH/ros2_ws/src/PROLB/build/PROLB_Haring -- -j16 -l16
[1.026s] DEBUG:colcon.colcon_core.event_handler.log_command:Invoked command in '/home/julian/Documents/FH/ros2_ws/src/PROLB/build/PROLB_Haring' returned '0': CMAKE_PREFIX_PATH=${CMAKE_PREFIX_PATH}:/opt/ros/jazzy DEBUGINFOD_URLS=https://debuginfod.ubuntu.com /usr/bin/cmake --build /home/julian/Documents/FH/ros2_ws/src/PROLB/build/PROLB_Haring -- -j16 -l16
[1.039s] DEBUG:colcon.colcon_core.event_handler.log_command:Invoking command in '/home/julian/Documents/FH/ros2_ws/src/PROLB/build/PROLB_Haring': CMAKE_PREFIX_PATH=${CMAKE_PREFIX_PATH}:/opt/ros/jazzy DEBUGINFOD_URLS=https://debuginfod.ubuntu.com /usr/bin/cmake --install /home/julian/Documents/FH/ros2_ws/src/PROLB/build/PROLB_Haring
[1.051s] Level 1:colcon.colcon_core.environment:create_environment_scripts_only(PROLB_Haring)
[1.051s] DEBUG:colcon.colcon_core.event_handler.log_command:Invoked command in '/home/julian/Documents/FH/ros2_ws/src/PROLB/build/PROLB_Haring' returned '0': CMAKE_PREFIX_PATH=${CMAKE_PREFIX_PATH}:/opt/ros/jazzy DEBUGINFOD_URLS=https://debuginfod.ubuntu.com /usr/bin/cmake --install /home/julian/Documents/FH/ros2_ws/src/PROLB/build/PROLB_Haring
[1.052s] Level 1:colcon.colcon_core.environment:checking '/home/julian/Documents/FH/ros2_ws/src/PROLB/install/PROLB_Haring' for CMake module files
[1.053s] Level 1:colcon.colcon_core.environment:checking '/home/julian/Documents/FH/ros2_ws/src/PROLB/install/PROLB_Haring' for CMake config files
[1.053s] Level 1:colcon.colcon_core.shell:create_environment_hook('PROLB_Haring', 'cmake_prefix_path')
[1.053s] INFO:colcon.colcon_core.shell:Creating environment hook '/home/julian/Documents/FH/ros2_ws/src/PROLB/install/PROLB_Haring/share/PROLB_Haring/hook/cmake_prefix_path.ps1'
[1.054s] INFO:colcon.colcon_core.shell:Creating environment descriptor '/home/julian/Documents/FH/ros2_ws/src/PROLB/install/PROLB_Haring/share/PROLB_Haring/hook/cmake_prefix_path.dsv'
[1.054s] INFO:colcon.colcon_core.shell:Creating environment hook '/home/julian/Documents/FH/ros2_ws/src/PROLB/install/PROLB_Haring/share/PROLB_Haring/hook/cmake_prefix_path.sh'
[1.054s] Level 1:colcon.colcon_core.environment:checking '/home/julian/Documents/FH/ros2_ws/src/PROLB/install/PROLB_Haring/bin'
[1.054s] Level 1:colcon.colcon_core.environment:checking '/home/julian/Documents/FH/ros2_ws/src/PROLB/install/PROLB_Haring/lib/pkgconfig/PROLB_Haring.pc'
[1.055s] Level 1:colcon.colcon_core.environment:checking '/home/julian/Documents/FH/ros2_ws/src/PROLB/install/PROLB_Haring/lib/python3.12/site-packages'
[1.055s] Level 1:colcon.colcon_core.environment:checking '/home/julian/Documents/FH/ros2_ws/src/PROLB/install/PROLB_Haring/bin'
[1.055s] INFO:colcon.colcon_core.shell:Creating package script '/home/julian/Documents/FH/ros2_ws/src/PROLB/install/PROLB_Haring/share/PROLB_Haring/package.ps1'
[1.055s] INFO:colcon.colcon_core.shell:Creating package descriptor '/home/julian/Documents/FH/ros2_ws/src/PROLB/install/PROLB_Haring/share/PROLB_Haring/package.dsv'
[1.056s] INFO:colcon.colcon_core.shell:Creating package script '/home/julian/Documents/FH/ros2_ws/src/PROLB/install/PROLB_Haring/share/PROLB_Haring/package.sh'
[1.056s] INFO:colcon.colcon_core.shell:Creating package script '/home/julian/Documents/FH/ros2_ws/src/PROLB/install/PROLB_Haring/share/PROLB_Haring/package.bash'
[1.056s] INFO:colcon.colcon_core.shell:Creating package script '/home/julian/Documents/FH/ros2_ws/src/PROLB/install/PROLB_Haring/share/PROLB_Haring/package.zsh'
[1.057s] Level 1:colcon.colcon_core.environment:create_file_with_runtime_dependencies(/home/julian/Documents/FH/ros2_ws/src/PROLB/install/PROLB_Haring/share/colcon-core/packages/PROLB_Haring)
[1.057s] Level 1:colcon.colcon_core.environment:create_environment_scripts_only(PROLB_Haring)
[1.057s] Level 1:colcon.colcon_core.environment:checking '/home/julian/Documents/FH/ros2_ws/src/PROLB/install/PROLB_Haring' for CMake module files
[1.058s] Level 1:colcon.colcon_core.environment:checking '/home/julian/Documents/FH/ros2_ws/src/PROLB/install/PROLB_Haring' for CMake config files
[1.058s] Level 1:colcon.colcon_core.shell:create_environment_hook('PROLB_Haring', 'cmake_prefix_path')
[1.058s] INFO:colcon.colcon_core.shell:Creating environment hook '/home/julian/Documents/FH/ros2_ws/src/PROLB/install/PROLB_Haring/share/PROLB_Haring/hook/cmake_prefix_path.ps1'
[1.058s] INFO:colcon.colcon_core.shell:Creating environment descriptor '/home/julian/Documents/FH/ros2_ws/src/PROLB/install/PROLB_Haring/share/PROLB_Haring/hook/cmake_prefix_path.dsv'
[1.059s] INFO:colcon.colcon_core.shell:Creating environment hook '/home/julian/Documents/FH/ros2_ws/src/PROLB/install/PROLB_Haring/share/PROLB_Haring/hook/cmake_prefix_path.sh'
[1.059s] Level 1:colcon.colcon_core.environment:checking '/home/julian/Documents/FH/ros2_ws/src/PROLB/install/PROLB_Haring/bin'
[1.059s] Level 1:colcon.colcon_core.environment:checking '/home/julian/Documents/FH/ros2_ws/src/PROLB/install/PROLB_Haring/lib/pkgconfig/PROLB_Haring.pc'
[1.059s] Level 1:colcon.colcon_core.environment:checking '/home/julian/Documents/FH/ros2_ws/src/PROLB/install/PROLB_Haring/lib/python3.12/site-packages'
[1.059s] Level 1:colcon.colcon_core.environment:checking '/home/julian/Documents/FH/ros2_ws/src/PROLB/install/PROLB_Haring/bin'
[1.060s] INFO:colcon.colcon_core.shell:Creating package script '/home/julian/Documents/FH/ros2_ws/src/PROLB/install/PROLB_Haring/share/PROLB_Haring/package.ps1'
[1.060s] INFO:colcon.colcon_core.shell:Creating package descriptor '/home/julian/Documents/FH/ros2_ws/src/PROLB/install/PROLB_Haring/share/PROLB_Haring/package.dsv'
[1.060s] INFO:colcon.colcon_core.shell:Creating package script '/home/julian/Documents/FH/ros2_ws/src/PROLB/install/PROLB_Haring/share/PROLB_Haring/package.sh'
[1.061s] INFO:colcon.colcon_core.shell:Creating package script '/home/julian/Documents/FH/ros2_ws/src/PROLB/install/PROLB_Haring/share/PROLB_Haring/package.bash'
[1.061s] INFO:colcon.colcon_core.shell:Creating package script '/home/julian/Documents/FH/ros2_ws/src/PROLB/install/PROLB_Haring/share/PROLB_Haring/package.zsh'
[1.061s] Level 1:colcon.colcon_core.environment:create_file_with_runtime_dependencies(/home/julian/Documents/FH/ros2_ws/src/PROLB/install/PROLB_Haring/share/colcon-core/packages/PROLB_Haring)
[1.061s] DEBUG:colcon.colcon_parallel_executor.executor.parallel:closing loop
[1.062s] DEBUG:colcon.colcon_parallel_executor.executor.parallel:loop closed
[1.062s] DEBUG:colcon.colcon_parallel_executor.executor.parallel:run_until_complete finished with '0'
[1.062s] DEBUG:colcon.colcon_core.event_reactor:joining thread
[1.066s] INFO:colcon.colcon_core.plugin_system:Skipping extension 'colcon_notification.desktop_notification.terminal_notifier': Not used on non-Darwin systems
[1.066s] INFO:colcon.colcon_core.plugin_system:Skipping extension 'colcon_notification.desktop_notification.win32': Not used on non-Windows systems
[1.066s] INFO:colcon.colcon_notification.desktop_notification:Sending desktop notification using 'notify2'
[1.085s] DEBUG:colcon.colcon_core.event_reactor:joined thread
[1.086s] INFO:colcon.colcon_core.shell:Creating prefix script '/home/julian/Documents/FH/ros2_ws/src/PROLB/install/local_setup.ps1'
[1.087s] INFO:colcon.colcon_core.shell:Creating prefix util module '/home/julian/Documents/FH/ros2_ws/src/PROLB/install/_local_setup_util_ps1.py'
[1.089s] INFO:colcon.colcon_core.shell:Creating prefix chain script '/home/julian/Documents/FH/ros2_ws/src/PROLB/install/setup.ps1'
[1.090s] INFO:colcon.colcon_core.shell:Creating prefix script '/home/julian/Documents/FH/ros2_ws/src/PROLB/install/local_setup.sh'
[1.090s] INFO:colcon.colcon_core.shell:Creating prefix util module '/home/julian/Documents/FH/ros2_ws/src/PROLB/install/_local_setup_util_sh.py'
[1.091s] INFO:colcon.colcon_core.shell:Creating prefix chain script '/home/julian/Documents/FH/ros2_ws/src/PROLB/install/setup.sh'
[1.092s] INFO:colcon.colcon_core.shell:Creating prefix script '/home/julian/Documents/FH/ros2_ws/src/PROLB/install/local_setup.bash'
[1.093s] INFO:colcon.colcon_core.shell:Creating prefix chain script '/home/julian/Documents/FH/ros2_ws/src/PROLB/install/setup.bash'
[1.093s] INFO:colcon.colcon_core.shell:Creating prefix script '/home/julian/Documents/FH/ros2_ws/src/PROLB/install/local_setup.zsh'
[1.094s] INFO:colcon.colcon_core.shell:Creating prefix chain script '/home/julian/Documents/FH/ros2_ws/src/PROLB/install/setup.zsh'
